<?xml version="1.0" encoding="UTF-8"?>
<!-- Generated by org.testng.reporters.JUnitReportReporter -->
<testsuite skipped="0" hostname="Kushal" name="com.project.SuiteOne.SuiteOneCaseOne" tests="2" failures="0" timestamp="25 Oct 2017 18:57:39 GMT" time="7.788" errors="0">
  <testcase name="newrun" time="6.180" classname="com.project.SuiteOne.SuiteOneCaseOne"/>
  <testcase name="techingfaculty" time="1.608" classname="com.project.SuiteOne.SuiteOneCaseOne"/>
</testsuite> <!-- com.project.SuiteOne.SuiteOneCaseOne -->
