<?xml version="1.0" encoding="UTF-8"?>
<!-- Generated by org.testng.reporters.JUnitReportReporter -->
<testsuite skipped="0" hostname="Kushal" name="com.project.SuiteOne.SuiteOneCaseOne" tests="2" failures="0" timestamp="27 Oct 2017 15:43:46 GMT" time="7.421" errors="0">
  <testcase name="newrun" time="6.043" classname="com.project.SuiteOne.SuiteOneCaseOne"/>
  <testcase name="techingfaculty" time="1.378" classname="com.project.SuiteOne.SuiteOneCaseOne"/>
</testsuite> <!-- com.project.SuiteOne.SuiteOneCaseOne -->
